SF:lib/data/model/currency_rates.dart
DA:6,3
DA:12,1
DA:13,1
DA:14,1
DA:15,1
DA:16,2
LF:6
LH:6
end_of_record
SF:lib/data/repositories/currency_rates_repository.dart
DA:17,1
DA:19,1
DA:22,2
DA:24,1
DA:26,1
DA:31,0
DA:33,0
DA:34,0
LF:8
LH:5
end_of_record
SF:lib/data/repositories/currency_rates_repository.g.dart
DA:9,0
DA:14,0
DA:15,0
LF:3
LH:0
end_of_record
SF:lib/ui/currency_list/view_model/currency_list_state.dart
DA:4,2
DA:8,1
DA:12,1
DA:18,1
LF:4
LH:4
end_of_record
SF:lib/ui/currency_list/view_model/currency_list_viewmodel.dart
DA:15,1
DA:21,1
DA:22,2
DA:25,1
DA:26,4
DA:29,1
DA:30,3
DA:31,1
DA:32,1
DA:40,0
DA:42,0
DA:43,0
LF:12
LH:9
end_of_record
SF:lib/ui/currency_list/view_model/currency_list_viewmodel.g.dart
DA:9,0
DA:14,0
DA:15,0
LF:3
LH:0
end_of_record
SF:lib/utils.dart/result.dart
DA:2,2
DA:6,2
DA:12,2
LF:3
LH:3
end_of_record
SF:lib/utils.dart/http_client.dart
DA:12,2
DA:14,2
DA:19,4
DA:21,6
DA:25,0
DA:26,0
LF:6
LH:4
end_of_record
SF:lib/utils.dart/http_client.g.dart
DA:9,0
DA:13,0
LF:2
LH:0
end_of_record
SF:lib/data/services/currency_api_service.dart
DA:15,1
DA:19,1
DA:21,2
DA:22,2
DA:30,0
DA:32,0
DA:33,0
LF:7
LH:4
end_of_record
SF:lib/data/services/currency_api_service.g.dart
DA:9,0
DA:14,0
DA:15,0
LF:3
LH:0
end_of_record
